<?xml version="1.0" encoding="UTF-8"?>
<!-- Generated by org.testng.reporters.JUnitXMLReporter -->
<testsuite hostname="AshwinDixon" ignored="0" name="Default test" tests="5" failures="0" timestamp="2021-03-12T11:55:29 IST" time="12.705" errors="0">
  <testcase name="test1" time="0.476" classname="suite.AssignmentSuite"/>
  <testcase name="test2" time="2.992" classname="suite.AssignmentSuite"/>
  <testcase name="test3" time="2.421" classname="suite.AssignmentSuite"/>
  <testcase name="test4" time="3.985" classname="suite.AssignmentSuite"/>
  <testcase name="test5" time="2.776" classname="suite.AssignmentSuite"/>
</testsuite> <!-- Default test -->
